Using pre-set license
Built from '2020.3/staging' branch; Version is '2020.3.17f1 (a4537701e4ab) revision 10769271'; Using compiler version '192528614'; Build Type 'Release'
OS: 'Windows 10 Home; OS build 19044.1645; Version 2009; 64bit' Language: 'en' Physical Memory: 6017 MB
BatchMode: 1, IsHumanControllingUs: 0, StartBugReporterOnCrash: 0, Is64bit: 1, IsPro: 0

COMMAND LINE ARGUMENTS:
C:\Users\popka\Documents\Unity\2020.3.17f1\Editor\Unity.exe
-adb2
-batchMode
-noUpm
-name
AssetImportWorker0
-projectPath
C:/Users/popka/Documents/Unity/IDK-game
-logFile
Logs/AssetImportWorker0.log
-srvPort
50645
Successfully changed project path to: C:/Users/popka/Documents/Unity/IDK-game
C:/Users/popka/Documents/Unity/IDK-game
Using Asset Import Pipeline V2.
Refreshing native plugins compatible for Editor in 59.93 ms, found 3 plugins.
Preloading 0 native plugins for Editor in 0.00 ms.
Initialize engine version: 2020.3.17f1 (a4537701e4ab)
[Subsystems] Discovering subsystems at path C:/Users/popka/Documents/Unity/2020.3.17f1/Editor/Data/Resources/UnitySubsystems
[Subsystems] Discovering subsystems at path C:/Users/popka/Documents/Unity/IDK-game/Assets
GfxDevice: creating device client; threaded=0
Direct3D:
    Version:  Direct3D 11.0 [level 11.1]
    Renderer: NVIDIA GeForce GTX 1050 (ID=0x1c91)
    Vendor:   
    VRAM:     2996 MB
    Driver:   30.0.14.9733
Initialize mono
Mono path[0] = 'C:/Users/popka/Documents/Unity/2020.3.17f1/Editor/Data/Managed'
Mono path[1] = 'C:/Users/popka/Documents/Unity/2020.3.17f1/Editor/Data/MonoBleedingEdge/lib/mono/unityjit'
Mono config path = 'C:/Users/popka/Documents/Unity/2020.3.17f1/Editor/Data/MonoBleedingEdge/etc'
Using monoOptions --debugger-agent=transport=dt_socket,embedding=1,server=y,suspend=n,address=127.0.0.1:56844
Begin MonoManager ReloadAssembly
Registering precompiled unity dll's ...
Register platform support module: C:/Users/popka/Documents/Unity/2020.3.17f1/Editor/Data/PlaybackEngines/WindowsStandaloneSupport/UnityEditor.WindowsStandalone.Extensions.dll
Registered in 0.002597 seconds.
Native extension for WindowsStandalone target not found
Refreshing native plugins compatible for Editor in 56.56 ms, found 3 plugins.
Preloading 0 native plugins for Editor in 0.00 ms.
Mono: successfully reloaded assembly
- Completed reload, in  1.444 seconds
Domain Reload Profiling:
	ReloadAssembly (1444ms)
		BeginReloadAssembly (66ms)
			ExecutionOrderSort (0ms)
			DisableScriptedObjects (0ms)
			BackupInstance (0ms)
			ReleaseScriptingObjects (0ms)
			CreateAndSetChildDomain (1ms)
		EndReloadAssembly (522ms)
			LoadAssemblies (63ms)
			RebuildTransferFunctionScriptingTraits (0ms)
			SetupTypeCache (177ms)
			ReleaseScriptCaches (0ms)
			RebuildScriptCaches (38ms)
			SetupLoadedEditorAssemblies (218ms)
				LogAssemblyErrors (0ms)
				InitializePlatformSupportModulesInManaged (5ms)
				SetLoadedEditorAssemblies (0ms)
				RefreshPlugins (57ms)
				BeforeProcessingInitializeOnLoad (22ms)
				ProcessInitializeOnLoadAttributes (98ms)
				ProcessInitializeOnLoadMethodAttributes (36ms)
				AfterProcessingInitializeOnLoad (0ms)
				EditorAssembliesLoaded (0ms)
			ExecutionOrderSort2 (0ms)
			AwakeInstancesAfterBackupRestoration (0ms)
Platform modules already initialized, skipping
Registering precompiled user dll's ...
Registered in 0.006773 seconds.
Begin MonoManager ReloadAssembly
Native extension for WindowsStandalone target not found
Refreshing native plugins compatible for Editor in 52.83 ms, found 3 plugins.
Preloading 0 native plugins for Editor in 0.00 ms.
Mono: successfully reloaded assembly
- Completed reload, in  1.438 seconds
Domain Reload Profiling:
	ReloadAssembly (1439ms)
		BeginReloadAssembly (171ms)
			ExecutionOrderSort (0ms)
			DisableScriptedObjects (6ms)
			BackupInstance (0ms)
			ReleaseScriptingObjects (0ms)
			CreateAndSetChildDomain (23ms)
		EndReloadAssembly (1188ms)
			LoadAssemblies (105ms)
			RebuildTransferFunctionScriptingTraits (0ms)
			SetupTypeCache (349ms)
			ReleaseScriptCaches (1ms)
			RebuildScriptCaches (54ms)
			SetupLoadedEditorAssemblies (530ms)
				LogAssemblyErrors (0ms)
				InitializePlatformSupportModulesInManaged (5ms)
				SetLoadedEditorAssemblies (0ms)
				RefreshPlugins (53ms)
				BeforeProcessingInitializeOnLoad (98ms)
				ProcessInitializeOnLoadAttributes (346ms)
				ProcessInitializeOnLoadMethodAttributes (19ms)
				AfterProcessingInitializeOnLoad (9ms)
				EditorAssembliesLoaded (0ms)
			ExecutionOrderSort2 (0ms)
			AwakeInstancesAfterBackupRestoration (8ms)
Platform modules already initialized, skipping
========================================================================
Worker process is ready to serve import requests
Launched and connected shader compiler UnityShaderCompiler.exe after 0.07 seconds
Refreshing native plugins compatible for Editor in 1.20 ms, found 3 plugins.
Preloading 0 native plugins for Editor in 0.00 ms.
Unloading 2092 Unused Serialized files (Serialized files now loaded: 0)
System memory in use before: 93.1 MB.
System memory in use after: 93.2 MB.

Unloading 28 unused Assets to reduce memory usage. Loaded Objects now: 2529.
Total: 4.439000 ms (FindLiveObjects: 0.380100 ms CreateObjectMapping: 0.079700 ms MarkObjects: 3.887000 ms  DeleteObjects: 0.089900 ms)

AssetImportParameters requested are different than current active one (requested -> active):
  custom:framework-win-MediaFoundation: 216162199b28c13a410421893ffa2e32 -> 
  custom:video-decoder-ogg-theora: a1e56fd34408186e4bbccfd4996cb3dc -> 
  custom:container-muxer-webm: aa71ff27fc2769a1b78a27578f13a17b -> 
  custom:container-demuxer-webm: 4f35f7cbe854078d1ac9338744f61a02 -> 
  custom:container-demuxer-ogg: 62fdf1f143b41e24485cea50d1cbac27 -> 
  custom:video-encoder-webm-vp8: eb34c28f22e8b96e1ab97ce403110664 -> 
  custom:video-decoder-webm-vp8: 9c59270c3fd7afecdb556c50c9e8de78 -> 
  custom:audio-decoder-ogg-vorbis: bf7c407c2cedff20999df2af8eb42d56 -> 
  custom:audio-encoder-webm-vorbis: bf7c407c2cedff20999df2af8eb42d56 -> 
========================================================================
Received Import Request.
  path: Assets/Assets
  artifactKey: Guid(4cb8f33abc0a3914184f891e28483450) Importer(815301076,1909f56bfc062723c751e8b465ee728b)
Start importing Assets/Assets using Guid(4cb8f33abc0a3914184f891e28483450) Importer(815301076,1909f56bfc062723c751e8b465ee728b)  -> (artifact id: '74389289fa2629f10797232ff6ace1d4') in 0.012566 seconds 
  Import took 0.016268 seconds .

========================================================================
Received Import Request.
  Time since last request: 0.000309 seconds.
  path: Assets/Assets/192 racetrack Divided.svg
  artifactKey: Guid(dd5d37f75b7debd47b45fbbdbcb979c6) Importer(815301076,1909f56bfc062723c751e8b465ee728b)
Start importing Assets/Assets/192 racetrack Divided.svg using Guid(dd5d37f75b7debd47b45fbbdbcb979c6) Importer(815301076,1909f56bfc062723c751e8b465ee728b)  -> (artifact id: '53b2fe91733b032fa095ead7810058b5') in 0.035590 seconds 
  Import took 0.039430 seconds .

========================================================================
Received Import Request.
  Time since last request: 3.653855 seconds.
  path: Assets/Assets/REDCAR
  artifactKey: Guid(70406fcd5168a9f4b92e93d824e11606) Importer(815301076,1909f56bfc062723c751e8b465ee728b)
Start importing Assets/Assets/REDCAR using Guid(70406fcd5168a9f4b92e93d824e11606) Importer(815301076,1909f56bfc062723c751e8b465ee728b)  -> (artifact id: 'c61aee239132a60ce7de8b04e46560de') in 0.012305 seconds 
  Import took 0.015997 seconds .

========================================================================
Received Import Request.
  Time since last request: 0.080906 seconds.
  path: Assets/Assets/REDCAR/CAR.png
  artifactKey: Guid(d0a03fc05bb1b5a478020beadf607278) Importer(815301076,1909f56bfc062723c751e8b465ee728b)
Start importing Assets/Assets/REDCAR/CAR.png using Guid(d0a03fc05bb1b5a478020beadf607278) Importer(815301076,1909f56bfc062723c751e8b465ee728b)  -> (artifact id: '842c5f971208021e45878cea5a87eee3') in 0.134019 seconds 
  Import took 0.138573 seconds .

========================================================================
Received Import Request.
  Time since last request: 5.124424 seconds.
  path: Assets/Assets/kenney_racingpack_updated
  artifactKey: Guid(6cd3a5ede9c113f45b011d08e970400f) Importer(815301076,1909f56bfc062723c751e8b465ee728b)
Start importing Assets/Assets/kenney_racingpack_updated using Guid(6cd3a5ede9c113f45b011d08e970400f) Importer(815301076,1909f56bfc062723c751e8b465ee728b)  -> (artifact id: '19eb38fce1c141fb12cb2d93cc8ce2d9') in 0.007652 seconds 
  Import took 0.011799 seconds .

========================================================================
Received Import Request.
  Time since last request: 5.525646 seconds.
  path: Assets/Assets/kenney_racingpack_updated/Vector
  artifactKey: Guid(907ed6743995b65468b4f951f169cc55) Importer(815301076,1909f56bfc062723c751e8b465ee728b)
Start importing Assets/Assets/kenney_racingpack_updated/Vector using Guid(907ed6743995b65468b4f951f169cc55) Importer(815301076,1909f56bfc062723c751e8b465ee728b)  -> (artifact id: '36ec6f07a5ff75ba85487eb1c7f70af7') in 0.008917 seconds 
  Import took 0.012766 seconds .

========================================================================
Received Import Request.
  Time since last request: 1.256944 seconds.
  path: Assets/Assets/kenney_racingpack_updated/Vector/vector_land.swf
  artifactKey: Guid(4263204247fad224b94a6276e72626e9) Importer(815301076,1909f56bfc062723c751e8b465ee728b)
Start importing Assets/Assets/kenney_racingpack_updated/Vector/vector_land.swf using Guid(4263204247fad224b94a6276e72626e9) Importer(815301076,1909f56bfc062723c751e8b465ee728b)  -> (artifact id: '77afa9ef5f9cf6fd731baffe725bc58e') in 0.014356 seconds 
  Import took 0.018103 seconds .

========================================================================
Received Import Request.
  Time since last request: 4.000773 seconds.
  path: Assets/Assets/kenney_racingpack_updated/Spritesheets
  artifactKey: Guid(095e98b32d648544bafd789a0f364013) Importer(815301076,1909f56bfc062723c751e8b465ee728b)
Start importing Assets/Assets/kenney_racingpack_updated/Spritesheets using Guid(095e98b32d648544bafd789a0f364013) Importer(815301076,1909f56bfc062723c751e8b465ee728b)  -> (artifact id: '72e7bb52573b1870b434c047c7e3f77d') in 0.008666 seconds 
  Import took 0.012789 seconds .

========================================================================
Received Import Request.
  Time since last request: 0.084863 seconds.
  path: Assets/Assets/kenney_racingpack_updated/Spritesheets/spritesheet_characters.png
  artifactKey: Guid(dc9e094d63cd9084c9b3ca3e5d335562) Importer(815301076,1909f56bfc062723c751e8b465ee728b)
Start importing Assets/Assets/kenney_racingpack_updated/Spritesheets/spritesheet_characters.png using Guid(dc9e094d63cd9084c9b3ca3e5d335562) Importer(815301076,1909f56bfc062723c751e8b465ee728b)  -> (artifact id: 'af48d94d991d7611725c0d9005ee3511') in 0.023918 seconds 
  Import took 0.028037 seconds .

========================================================================
Received Import Request.
  Time since last request: 0.000199 seconds.
  path: Assets/Assets/kenney_racingpack_updated/Spritesheets/spritesheet_objects.png
  artifactKey: Guid(a7e29d4817682bb4a968c9d210ab734a) Importer(815301076,1909f56bfc062723c751e8b465ee728b)
Start importing Assets/Assets/kenney_racingpack_updated/Spritesheets/spritesheet_objects.png using Guid(a7e29d4817682bb4a968c9d210ab734a) Importer(815301076,1909f56bfc062723c751e8b465ee728b)  -> (artifact id: 'c1d1251ed2baa92cb038aee5d62fdcf0') in 0.040045 seconds 
  Import took 0.043557 seconds .

========================================================================
Received Import Request.
  Time since last request: 0.000203 seconds.
  path: Assets/Assets/kenney_racingpack_updated/Spritesheets/spritesheet_vehicles.png
  artifactKey: Guid(a2c3003f1d2c9c34da0d732f753c76e5) Importer(815301076,1909f56bfc062723c751e8b465ee728b)
Start importing Assets/Assets/kenney_racingpack_updated/Spritesheets/spritesheet_vehicles.png using Guid(a2c3003f1d2c9c34da0d732f753c76e5) Importer(815301076,1909f56bfc062723c751e8b465ee728b)  -> (artifact id: 'f1251e40acceb37b9c936037ee5beb1d') in 0.026594 seconds 
  Import took 0.030254 seconds .

========================================================================
Received Import Request.
  Time since last request: 0.000208 seconds.
  path: Assets/Assets/kenney_racingpack_updated/Spritesheets/spritesheet_tiles.png
  artifactKey: Guid(6c3b656d1ac483340ba691684c09e47f) Importer(815301076,1909f56bfc062723c751e8b465ee728b)
Start importing Assets/Assets/kenney_racingpack_updated/Spritesheets/spritesheet_tiles.png using Guid(6c3b656d1ac483340ba691684c09e47f) Importer(815301076,1909f56bfc062723c751e8b465ee728b)  -> (artifact id: '32e23d5fc0cfcaba44b17d7d6d5ca9c7') in 0.031380 seconds 
  Import took 0.035028 seconds .

========================================================================
Received Import Request.
  Time since last request: 18.794505 seconds.
  path: Assets/Assets/kenney_racingpack_updated/PNG
  artifactKey: Guid(a90a9541c3616d24e9ddfb17ce71ca8b) Importer(815301076,1909f56bfc062723c751e8b465ee728b)
Start importing Assets/Assets/kenney_racingpack_updated/PNG using Guid(a90a9541c3616d24e9ddfb17ce71ca8b) Importer(815301076,1909f56bfc062723c751e8b465ee728b)  -> (artifact id: '2fcea5a5139f994b03afe9c91305858d') in 0.009257 seconds 
  Import took 0.012904 seconds .

========================================================================
Received Import Request.
  Time since last request: 2.179503 seconds.
  path: Assets/Assets/kenney_racingpack_updated/PNG/Cars
  artifactKey: Guid(c93c94e890942254ba55b12d4522e925) Importer(815301076,1909f56bfc062723c751e8b465ee728b)
Start importing Assets/Assets/kenney_racingpack_updated/PNG/Cars using Guid(c93c94e890942254ba55b12d4522e925) Importer(815301076,1909f56bfc062723c751e8b465ee728b)  -> (artifact id: '3b5faab7bb81ddcb8c3f4c7e77ce56eb') in 0.007817 seconds 
  Import took 0.012144 seconds .

========================================================================
Received Import Request.
  Time since last request: 0.064439 seconds.
  path: Assets/Assets/kenney_racingpack_updated/PNG/Cars/car_black_1.png
  artifactKey: Guid(1d7cb0942f1ebc64da73c39076ea77f0) Importer(815301076,1909f56bfc062723c751e8b465ee728b)
Start importing Assets/Assets/kenney_racingpack_updated/PNG/Cars/car_black_1.png using Guid(1d7cb0942f1ebc64da73c39076ea77f0) Importer(815301076,1909f56bfc062723c751e8b465ee728b)  -> (artifact id: '46738c06ba8627398bc85e2f560f96fa') in 0.025868 seconds 
  Import took 0.029556 seconds .

========================================================================
Received Import Request.
  Time since last request: 0.000201 seconds.
  path: Assets/Assets/kenney_racingpack_updated/PNG/Cars/car_green_3.png
  artifactKey: Guid(58c4a5d424e30bd4d9dc97fae7d1cacd) Importer(815301076,1909f56bfc062723c751e8b465ee728b)
Start importing Assets/Assets/kenney_racingpack_updated/PNG/Cars/car_green_3.png using Guid(58c4a5d424e30bd4d9dc97fae7d1cacd) Importer(815301076,1909f56bfc062723c751e8b465ee728b)  -> (artifact id: 'bdde7c0a60eced50293d7cc7f590e381') in 0.024702 seconds 
  Import took 0.028633 seconds .

========================================================================
Received Import Request.
  Time since last request: 0.000218 seconds.
  path: Assets/Assets/kenney_racingpack_updated/PNG/Cars/car_black_small_5.png
  artifactKey: Guid(bb52e04d4116e3a479edc6b64ae253dd) Importer(815301076,1909f56bfc062723c751e8b465ee728b)
Start importing Assets/Assets/kenney_racingpack_updated/PNG/Cars/car_black_small_5.png using Guid(bb52e04d4116e3a479edc6b64ae253dd) Importer(815301076,1909f56bfc062723c751e8b465ee728b)  -> (artifact id: 'd62658104989ce814f81148ad2bb910d') in 0.024103 seconds 
  Import took 0.027867 seconds .

========================================================================
Received Import Request.
  Time since last request: 0.000214 seconds.
  path: Assets/Assets/kenney_racingpack_updated/PNG/Cars/car_red_2.png
  artifactKey: Guid(c286377487e4df74397ab636357658c1) Importer(815301076,1909f56bfc062723c751e8b465ee728b)
Start importing Assets/Assets/kenney_racingpack_updated/PNG/Cars/car_red_2.png using Guid(c286377487e4df74397ab636357658c1) Importer(815301076,1909f56bfc062723c751e8b465ee728b)  -> (artifact id: 'af0036172dec0fb9c509d69c35587e06') in 0.021738 seconds 
  Import took 0.026002 seconds .

========================================================================
Received Import Request.
  Time since last request: 0.000233 seconds.
  path: Assets/Assets/kenney_racingpack_updated/PNG/Cars/car_yellow_small_3.png
  artifactKey: Guid(99d5126aecb66cf4790ae7f3ac4628ba) Importer(815301076,1909f56bfc062723c751e8b465ee728b)
Start importing Assets/Assets/kenney_racingpack_updated/PNG/Cars/car_yellow_small_3.png using Guid(99d5126aecb66cf4790ae7f3ac4628ba) Importer(815301076,1909f56bfc062723c751e8b465ee728b)  -> (artifact id: '7de32b53c8457c9cc511678df785f053') in 0.018564 seconds 
  Import took 0.023291 seconds .

========================================================================
Received Import Request.
  Time since last request: 0.000224 seconds.
  path: Assets/Assets/kenney_racingpack_updated/PNG/Cars/car_blue_small_5.png
  artifactKey: Guid(8141d3c04e544fb42a81ccebbac9c122) Importer(815301076,1909f56bfc062723c751e8b465ee728b)
Start importing Assets/Assets/kenney_racingpack_updated/PNG/Cars/car_blue_small_5.png using Guid(8141d3c04e544fb42a81ccebbac9c122) Importer(815301076,1909f56bfc062723c751e8b465ee728b)  -> (artifact id: '1047a3489925124beb8480e4f0406bf8') in 0.022064 seconds 
  Import took 0.025817 seconds .

========================================================================
Received Import Request.
  Time since last request: 0.000213 seconds.
  path: Assets/Assets/kenney_racingpack_updated/PNG/Cars/car_blue_2.png
  artifactKey: Guid(32f1f5041202a38409d73e65be1ee80c) Importer(815301076,1909f56bfc062723c751e8b465ee728b)
Start importing Assets/Assets/kenney_racingpack_updated/PNG/Cars/car_blue_2.png using Guid(32f1f5041202a38409d73e65be1ee80c) Importer(815301076,1909f56bfc062723c751e8b465ee728b)  -> (artifact id: 'eb1be0a11fdaf784274528051c2acedb') in 0.017400 seconds 
  Import took 0.021416 seconds .

========================================================================
Received Import Request.
  Time since last request: 0.000195 seconds.
  path: Assets/Assets/kenney_racingpack_updated/PNG/Cars/car_yellow_3.png
  artifactKey: Guid(83df50dc7a86aa143989c85e4a85db2d) Importer(815301076,1909f56bfc062723c751e8b465ee728b)
Start importing Assets/Assets/kenney_racingpack_updated/PNG/Cars/car_yellow_3.png using Guid(83df50dc7a86aa143989c85e4a85db2d) Importer(815301076,1909f56bfc062723c751e8b465ee728b)  -> (artifact id: '2ab2d815c0c7864bab9061a522678cf1') in 0.020416 seconds 
  Import took 0.024139 seconds .

========================================================================
Received Import Request.
  Time since last request: 0.000203 seconds.
  path: Assets/Assets/kenney_racingpack_updated/PNG/Cars/car_yellow_small_4.png
  artifactKey: Guid(fd54a305b7853ee428f0bfc5f2665e5c) Importer(815301076,1909f56bfc062723c751e8b465ee728b)
Start importing Assets/Assets/kenney_racingpack_updated/PNG/Cars/car_yellow_small_4.png using Guid(fd54a305b7853ee428f0bfc5f2665e5c) Importer(815301076,1909f56bfc062723c751e8b465ee728b)  -> (artifact id: '41a4ebb590d49186f546747342410b52') in 0.018330 seconds 
  Import took 0.021936 seconds .

========================================================================
Received Import Request.
  Time since last request: 0.000189 seconds.
  path: Assets/Assets/kenney_racingpack_updated/PNG/Cars/car_black_small_2.png
  artifactKey: Guid(7fe5801a6cc6e9943801c2347b7e3244) Importer(815301076,1909f56bfc062723c751e8b465ee728b)
Start importing Assets/Assets/kenney_racingpack_updated/PNG/Cars/car_black_small_2.png using Guid(7fe5801a6cc6e9943801c2347b7e3244) Importer(815301076,1909f56bfc062723c751e8b465ee728b)  -> (artifact id: '861c21308e69db49b15bce0b90dd910e') in 0.022786 seconds 
  Import took 0.027091 seconds .

========================================================================
Received Import Request.
  Time since last request: 0.000233 seconds.
  path: Assets/Assets/kenney_racingpack_updated/PNG/Cars/car_blue_3.png
  artifactKey: Guid(1f2219c72929a8d4092d9b45871bcf2b) Importer(815301076,1909f56bfc062723c751e8b465ee728b)
Start importing Assets/Assets/kenney_racingpack_updated/PNG/Cars/car_blue_3.png using Guid(1f2219c72929a8d4092d9b45871bcf2b) Importer(815301076,1909f56bfc062723c751e8b465ee728b)  -> (artifact id: '9dcf6ed883aee2c195d7263b48290913') in 0.017725 seconds 
  Import took 0.021900 seconds .

========================================================================
Received Import Request.
  Time since last request: 0.000221 seconds.
  path: Assets/Assets/kenney_racingpack_updated/PNG/Cars/car_red_small_5.png
  artifactKey: Guid(51032274b7a969e4ead1330e9e8926ad) Importer(815301076,1909f56bfc062723c751e8b465ee728b)
Start importing Assets/Assets/kenney_racingpack_updated/PNG/Cars/car_red_small_5.png using Guid(51032274b7a969e4ead1330e9e8926ad) Importer(815301076,1909f56bfc062723c751e8b465ee728b)  -> (artifact id: 'c152547550f3eef9f36aeffb7be59aa2') in 0.022323 seconds 
  Import took 0.026435 seconds .

========================================================================
Received Import Request.
  Time since last request: 0.000218 seconds.
  path: Assets/Assets/kenney_racingpack_updated/PNG/Cars/car_blue_5.png
  artifactKey: Guid(992cf194cd49eb34cadb43a6d9461aa6) Importer(815301076,1909f56bfc062723c751e8b465ee728b)
Start importing Assets/Assets/kenney_racingpack_updated/PNG/Cars/car_blue_5.png using Guid(992cf194cd49eb34cadb43a6d9461aa6) Importer(815301076,1909f56bfc062723c751e8b465ee728b)  -> (artifact id: 'a384d1e85734ae462fc737dca5ddb259') in 0.020371 seconds 
  Import took 0.024647 seconds .

========================================================================
Received Import Request.
  Time since last request: 0.000239 seconds.
  path: Assets/Assets/kenney_racingpack_updated/PNG/Cars/car_black_small_1.png
  artifactKey: Guid(c8f7ee0acffc4ca4eaa3d45ade6071eb) Importer(815301076,1909f56bfc062723c751e8b465ee728b)
Start importing Assets/Assets/kenney_racingpack_updated/PNG/Cars/car_black_small_1.png using Guid(c8f7ee0acffc4ca4eaa3d45ade6071eb) Importer(815301076,1909f56bfc062723c751e8b465ee728b)  -> (artifact id: 'b3e9addbd6b80fdf25f27297709d4113') in 0.023720 seconds 
  Import took 0.027887 seconds .

========================================================================
Received Import Request.
  Time since last request: 0.000215 seconds.
  path: Assets/Assets/kenney_racingpack_updated/PNG/Cars/car_blue_small_2.png
  artifactKey: Guid(715e46243ca4b39448a09a0f0e35aa93) Importer(815301076,1909f56bfc062723c751e8b465ee728b)
Start importing Assets/Assets/kenney_racingpack_updated/PNG/Cars/car_blue_small_2.png using Guid(715e46243ca4b39448a09a0f0e35aa93) Importer(815301076,1909f56bfc062723c751e8b465ee728b)  -> (artifact id: '8ef58b1055616cd1404faa232eed1e72') in 0.019532 seconds 
  Import took 0.023264 seconds .

========================================================================
Received Import Request.
  Time since last request: 0.000220 seconds.
  path: Assets/Assets/kenney_racingpack_updated/PNG/Cars/car_red_small_1.png
  artifactKey: Guid(2cc295c4060bc5843848a13cd1fcf0af) Importer(815301076,1909f56bfc062723c751e8b465ee728b)
Start importing Assets/Assets/kenney_racingpack_updated/PNG/Cars/car_red_small_1.png using Guid(2cc295c4060bc5843848a13cd1fcf0af) Importer(815301076,1909f56bfc062723c751e8b465ee728b)  -> (artifact id: 'bc4a559f132fbf4cc3c711fe06e39f31') in 0.019251 seconds 
  Import took 0.023534 seconds .

========================================================================
Received Import Request.
  Time since last request: 0.000224 seconds.
  path: Assets/Assets/kenney_racingpack_updated/PNG/Cars/car_red_1.png
  artifactKey: Guid(c8b506edb59337b4dae6b08b60cc8b85) Importer(815301076,1909f56bfc062723c751e8b465ee728b)
Start importing Assets/Assets/kenney_racingpack_updated/PNG/Cars/car_red_1.png using Guid(c8b506edb59337b4dae6b08b60cc8b85) Importer(815301076,1909f56bfc062723c751e8b465ee728b)  -> (artifact id: '3f7869562a6bc363bf17e0fb0b238902') in 0.022000 seconds 
  Import took 0.026076 seconds .

========================================================================
Received Import Request.
  Time since last request: 0.000207 seconds.
  path: Assets/Assets/kenney_racingpack_updated/PNG/Cars/car_green_small_2.png
  artifactKey: Guid(b0f230d135965c24bb3869f835e41870) Importer(815301076,1909f56bfc062723c751e8b465ee728b)
Start importing Assets/Assets/kenney_racingpack_updated/PNG/Cars/car_green_small_2.png using Guid(b0f230d135965c24bb3869f835e41870) Importer(815301076,1909f56bfc062723c751e8b465ee728b)  -> (artifact id: '701646b670b2e0f1290be094cbe1923c') in 0.017066 seconds 
  Import took 0.020801 seconds .

========================================================================
Received Import Request.
  Time since last request: 0.000265 seconds.
  path: Assets/Assets/kenney_racingpack_updated/PNG/Cars/car_black_2.png
  artifactKey: Guid(2463127aa644103499dc48f58102ff6b) Importer(815301076,1909f56bfc062723c751e8b465ee728b)
Start importing Assets/Assets/kenney_racingpack_updated/PNG/Cars/car_black_2.png using Guid(2463127aa644103499dc48f58102ff6b) Importer(815301076,1909f56bfc062723c751e8b465ee728b)  -> (artifact id: '2456c162b3d0e8e731308ce57c70a4f2') in 0.019137 seconds 
  Import took 0.024234 seconds .

========================================================================
Received Import Request.
  Time since last request: 0.000193 seconds.
  path: Assets/Assets/kenney_racingpack_updated/PNG/Cars/car_blue_small_1.png
  artifactKey: Guid(47c2681f08c60db4b8035d3b5b4f79f1) Importer(815301076,1909f56bfc062723c751e8b465ee728b)
Start importing Assets/Assets/kenney_racingpack_updated/PNG/Cars/car_blue_small_1.png using Guid(47c2681f08c60db4b8035d3b5b4f79f1) Importer(815301076,1909f56bfc062723c751e8b465ee728b)  -> (artifact id: 'cd4b4cec9d2131424396adb9039aca2d') in 0.022771 seconds 
  Import took 0.027075 seconds .

========================================================================
Received Import Request.
  Time since last request: 0.000194 seconds.
  path: Assets/Assets/kenney_racingpack_updated/PNG/Cars/car_yellow_5.png
  artifactKey: Guid(b7d6f63a718717846a93da5a588b18ca) Importer(815301076,1909f56bfc062723c751e8b465ee728b)
Start importing Assets/Assets/kenney_racingpack_updated/PNG/Cars/car_yellow_5.png using Guid(b7d6f63a718717846a93da5a588b18ca) Importer(815301076,1909f56bfc062723c751e8b465ee728b)  -> (artifact id: '6635f1d348bd62eeb85fbbf5f11833be') in 0.020632 seconds 
  Import took 0.025209 seconds .

========================================================================
Received Import Request.
  Time since last request: 0.000248 seconds.
  path: Assets/Assets/kenney_racingpack_updated/PNG/Cars/car_yellow_small_5.png
  artifactKey: Guid(deddf14d9f92fc845b3eae8e3bd1b3f5) Importer(815301076,1909f56bfc062723c751e8b465ee728b)
Start importing Assets/Assets/kenney_racingpack_updated/PNG/Cars/car_yellow_small_5.png using Guid(deddf14d9f92fc845b3eae8e3bd1b3f5) Importer(815301076,1909f56bfc062723c751e8b465ee728b)  -> (artifact id: '1bc9ef9c72bd7aaf3791e6cee0e37e9f') in 0.018759 seconds 
  Import took 0.022852 seconds .

========================================================================
Received Import Request.
  Time since last request: 0.000238 seconds.
  path: Assets/Assets/kenney_racingpack_updated/PNG/Cars/car_yellow_small_2.png
  artifactKey: Guid(b7af9630660e0ed419092abbb0a7a64c) Importer(815301076,1909f56bfc062723c751e8b465ee728b)
Start importing Assets/Assets/kenney_racingpack_updated/PNG/Cars/car_yellow_small_2.png using Guid(b7af9630660e0ed419092abbb0a7a64c) Importer(815301076,1909f56bfc062723c751e8b465ee728b)  -> (artifact id: '6367bfb30a2ed4593576a2d64c5584fa') in 0.019683 seconds 
  Import took 0.023555 seconds .

========================================================================
Received Import Request.
  Time since last request: 0.000214 seconds.
  path: Assets/Assets/kenney_racingpack_updated/PNG/Cars/car_blue_1.png
  artifactKey: Guid(9b56e82c40e941b478a8ed108a2853a0) Importer(815301076,1909f56bfc062723c751e8b465ee728b)
Start importing Assets/Assets/kenney_racingpack_updated/PNG/Cars/car_blue_1.png using Guid(9b56e82c40e941b478a8ed108a2853a0) Importer(815301076,1909f56bfc062723c751e8b465ee728b)  -> (artifact id: '3b153783c868a745c4e5808889aaf06f') in 0.019368 seconds 
  Import took 0.022967 seconds .

========================================================================
Received Import Request.
  Time since last request: 0.000228 seconds.
  path: Assets/Assets/kenney_racingpack_updated/PNG/Cars/car_green_5.png
  artifactKey: Guid(3c56c37c071c03a4bab5181f01622fcc) Importer(815301076,1909f56bfc062723c751e8b465ee728b)
Start importing Assets/Assets/kenney_racingpack_updated/PNG/Cars/car_green_5.png using Guid(3c56c37c071c03a4bab5181f01622fcc) Importer(815301076,1909f56bfc062723c751e8b465ee728b)  -> (artifact id: '75e0cdabf3f0cb3e50ba8adf9d4c79f9') in 0.019208 seconds 
  Import took 0.023235 seconds .

========================================================================
Received Import Request.
  Time since last request: 0.000199 seconds.
  path: Assets/Assets/kenney_racingpack_updated/PNG/Cars/car_blue_small_3.png
  artifactKey: Guid(cd3282d88001ab04ebffecc4bb9ebc77) Importer(815301076,1909f56bfc062723c751e8b465ee728b)
Start importing Assets/Assets/kenney_racingpack_updated/PNG/Cars/car_blue_small_3.png using Guid(cd3282d88001ab04ebffecc4bb9ebc77) Importer(815301076,1909f56bfc062723c751e8b465ee728b)  -> (artifact id: '39070b04863a24b5a736b1b2fa4af8d0') in 0.017719 seconds 
  Import took 0.021780 seconds .

========================================================================
Received Import Request.
  Time since last request: 0.000197 seconds.
  path: Assets/Assets/kenney_racingpack_updated/PNG/Cars/car_yellow_2.png
  artifactKey: Guid(803fc721e0d383c4095846b9efdc17ad) Importer(815301076,1909f56bfc062723c751e8b465ee728b)
Start importing Assets/Assets/kenney_racingpack_updated/PNG/Cars/car_yellow_2.png using Guid(803fc721e0d383c4095846b9efdc17ad) Importer(815301076,1909f56bfc062723c751e8b465ee728b)  -> (artifact id: '6faadaa9024d7634c720128787073571') in 0.020870 seconds 
  Import took 0.025016 seconds .

========================================================================
Received Import Request.
  Time since last request: 0.000198 seconds.
  path: Assets/Assets/kenney_racingpack_updated/PNG/Cars/car_yellow_small_1.png
  artifactKey: Guid(0083d61a17e32994796d11f0535633c2) Importer(815301076,1909f56bfc062723c751e8b465ee728b)
Start importing Assets/Assets/kenney_racingpack_updated/PNG/Cars/car_yellow_small_1.png using Guid(0083d61a17e32994796d11f0535633c2) Importer(815301076,1909f56bfc062723c751e8b465ee728b)  -> (artifact id: '8076fe42d839c204be44df69e4bab5ea') in 0.018557 seconds 
  Import took 0.022359 seconds .

========================================================================
Received Import Request.
  Time since last request: 0.000209 seconds.
  path: Assets/Assets/kenney_racingpack_updated/PNG/Cars/car_green_4.png
  artifactKey: Guid(596f20ece6dfed8438f9984931495657) Importer(815301076,1909f56bfc062723c751e8b465ee728b)
Start importing Assets/Assets/kenney_racingpack_updated/PNG/Cars/car_green_4.png using Guid(596f20ece6dfed8438f9984931495657) Importer(815301076,1909f56bfc062723c751e8b465ee728b)  -> (artifact id: '923839804f97a54fd0505d9d6b151c49') in 0.018921 seconds 
  Import took 0.022767 seconds .

========================================================================
Received Import Request.
  Time since last request: 0.000204 seconds.
  path: Assets/Assets/kenney_racingpack_updated/PNG/Cars/car_yellow_1.png
  artifactKey: Guid(494d795a2ee983840849d5202bca4699) Importer(815301076,1909f56bfc062723c751e8b465ee728b)
Start importing Assets/Assets/kenney_racingpack_updated/PNG/Cars/car_yellow_1.png using Guid(494d795a2ee983840849d5202bca4699) Importer(815301076,1909f56bfc062723c751e8b465ee728b)  -> (artifact id: '68763c0188a5630fa780c6e1309e9951') in 0.019086 seconds 
  Import took 0.023106 seconds .

========================================================================
Received Import Request.
  Time since last request: 0.000247 seconds.
  path: Assets/Assets/kenney_racingpack_updated/PNG/Cars/car_red_small_3.png
  artifactKey: Guid(8646af33aaf87b14890e25cbd43b79ac) Importer(815301076,1909f56bfc062723c751e8b465ee728b)
Start importing Assets/Assets/kenney_racingpack_updated/PNG/Cars/car_red_small_3.png using Guid(8646af33aaf87b14890e25cbd43b79ac) Importer(815301076,1909f56bfc062723c751e8b465ee728b)  -> (artifact id: 'f2d3a49e02c9480e86fcbc3e52464469') in 0.020728 seconds 
  Import took 0.025442 seconds .

========================================================================
Received Import Request.
  Time since last request: 0.000204 seconds.
  path: Assets/Assets/kenney_racingpack_updated/PNG/Cars/car_yellow_4.png
  artifactKey: Guid(7c7802f19b2333f4ab1943b690d0e133) Importer(815301076,1909f56bfc062723c751e8b465ee728b)
Start importing Assets/Assets/kenney_racingpack_updated/PNG/Cars/car_yellow_4.png using Guid(7c7802f19b2333f4ab1943b690d0e133) Importer(815301076,1909f56bfc062723c751e8b465ee728b)  -> (artifact id: 'c22ee2a207ef1c5b536cadc75c6c343c') in 0.019159 seconds 
  Import took 0.023437 seconds .

========================================================================
Received Import Request.
  Time since last request: 0.000189 seconds.
  path: Assets/Assets/kenney_racingpack_updated/PNG/Cars/car_black_5.png
  artifactKey: Guid(c7b945f67cb253e4fb5bd8a209521c55) Importer(815301076,1909f56bfc062723c751e8b465ee728b)
Start importing Assets/Assets/kenney_racingpack_updated/PNG/Cars/car_black_5.png using Guid(c7b945f67cb253e4fb5bd8a209521c55) Importer(815301076,1909f56bfc062723c751e8b465ee728b)  -> (artifact id: '5a9caf96b34b6370c7eaf56d2df5c038') in 0.020917 seconds 
  Import took 0.024844 seconds .

========================================================================
Received Import Request.
  Time since last request: 0.000205 seconds.
  path: Assets/Assets/kenney_racingpack_updated/PNG/Cars/car_blue_small_4.png
  artifactKey: Guid(1cd7935b80bc90042a0e17a0d2cc24d2) Importer(815301076,1909f56bfc062723c751e8b465ee728b)
Start importing Assets/Assets/kenney_racingpack_updated/PNG/Cars/car_blue_small_4.png using Guid(1cd7935b80bc90042a0e17a0d2cc24d2) Importer(815301076,1909f56bfc062723c751e8b465ee728b)  -> (artifact id: '950954a664f69989eb4642eed8cdb8e9') in 0.020342 seconds 
  Import took 0.024256 seconds .

========================================================================
Received Import Request.
  Time since last request: 0.000270 seconds.
  path: Assets/Assets/kenney_racingpack_updated/PNG/Cars/car_black_3.png
  artifactKey: Guid(03bae9c83c9362944a65038a46279dd2) Importer(815301076,1909f56bfc062723c751e8b465ee728b)
Start importing Assets/Assets/kenney_racingpack_updated/PNG/Cars/car_black_3.png using Guid(03bae9c83c9362944a65038a46279dd2) Importer(815301076,1909f56bfc062723c751e8b465ee728b)  -> (artifact id: 'abd98ac72c0c5876b6519a911a31ee5d') in 0.022262 seconds 
  Import took 0.025961 seconds .

========================================================================
Received Import Request.
  Time since last request: 0.000181 seconds.
  path: Assets/Assets/kenney_racingpack_updated/PNG/Cars/car_black_small_3.png
  artifactKey: Guid(6df123b489ad0274ea1089ee6d2feb27) Importer(815301076,1909f56bfc062723c751e8b465ee728b)
Start importing Assets/Assets/kenney_racingpack_updated/PNG/Cars/car_black_small_3.png using Guid(6df123b489ad0274ea1089ee6d2feb27) Importer(815301076,1909f56bfc062723c751e8b465ee728b)  -> (artifact id: 'b0ae3c0f5fa1f99f22e4ddf4dae231f1') in 0.017356 seconds 
  Import took 0.021685 seconds .

========================================================================
Received Import Request.
  Time since last request: 0.000196 seconds.
  path: Assets/Assets/kenney_racingpack_updated/PNG/Cars/car_green_1.png
  artifactKey: Guid(8fa88779af721bc4d8cd380e549137de) Importer(815301076,1909f56bfc062723c751e8b465ee728b)
Start importing Assets/Assets/kenney_racingpack_updated/PNG/Cars/car_green_1.png using Guid(8fa88779af721bc4d8cd380e549137de) Importer(815301076,1909f56bfc062723c751e8b465ee728b)  -> (artifact id: '0bb57e9a5a326f216c71033c7f6d6c50') in 0.020300 seconds 
  Import took 0.024366 seconds .

========================================================================
Received Import Request.
  Time since last request: 0.000211 seconds.
  path: Assets/Assets/kenney_racingpack_updated/PNG/Cars/car_green_small_3.png
  artifactKey: Guid(d6c7c02a5f0e5254eac1b16822ebfd9f) Importer(815301076,1909f56bfc062723c751e8b465ee728b)
Start importing Assets/Assets/kenney_racingpack_updated/PNG/Cars/car_green_small_3.png using Guid(d6c7c02a5f0e5254eac1b16822ebfd9f) Importer(815301076,1909f56bfc062723c751e8b465ee728b)  -> (artifact id: '85ed8f09692d8280ff122e06e31dc1f8') in 0.017861 seconds 
  Import took 0.021787 seconds .

========================================================================
Received Import Request.
  Time since last request: 0.000228 seconds.
  path: Assets/Assets/kenney_racingpack_updated/PNG/Cars/car_blue_4.png
  artifactKey: Guid(d83edd4dfbcbfeb42aa7efb4f6ac1752) Importer(815301076,1909f56bfc062723c751e8b465ee728b)
Start importing Assets/Assets/kenney_racingpack_updated/PNG/Cars/car_blue_4.png using Guid(d83edd4dfbcbfeb42aa7efb4f6ac1752) Importer(815301076,1909f56bfc062723c751e8b465ee728b)  -> (artifact id: 'a5e614de293dbcbeefbab5b531daef2d') in 0.022299 seconds 
  Import took 0.026070 seconds .

========================================================================
Received Import Request.
  Time since last request: 0.000225 seconds.
  path: Assets/Assets/kenney_racingpack_updated/PNG/Cars/car_green_small_5.png
  artifactKey: Guid(79c9e21924c732145960b0ad787565a4) Importer(815301076,1909f56bfc062723c751e8b465ee728b)
Start importing Assets/Assets/kenney_racingpack_updated/PNG/Cars/car_green_small_5.png using Guid(79c9e21924c732145960b0ad787565a4) Importer(815301076,1909f56bfc062723c751e8b465ee728b)  -> (artifact id: '1692e07a810029d190a85b44d2386b9a') in 0.020938 seconds 
  Import took 0.025571 seconds .

========================================================================
Received Import Request.
  Time since last request: 0.000269 seconds.
  path: Assets/Assets/kenney_racingpack_updated/PNG/Cars/car_red_small_2.png
  artifactKey: Guid(4091d2867e02a7d4c99b9fa30d3340c0) Importer(815301076,1909f56bfc062723c751e8b465ee728b)
Start importing Assets/Assets/kenney_racingpack_updated/PNG/Cars/car_red_small_2.png using Guid(4091d2867e02a7d4c99b9fa30d3340c0) Importer(815301076,1909f56bfc062723c751e8b465ee728b)  -> (artifact id: '1512c666f15c0aad8cb4314d01c52a7d') in 0.021130 seconds 
  Import took 0.024811 seconds .

========================================================================
Received Import Request.
  Time since last request: 0.000218 seconds.
  path: Assets/Assets/kenney_racingpack_updated/PNG/Cars/car_red_small_4.png
  artifactKey: Guid(8ff9238ba13ab8b4c84f519dc0fc232d) Importer(815301076,1909f56bfc062723c751e8b465ee728b)
Start importing Assets/Assets/kenney_racingpack_updated/PNG/Cars/car_red_small_4.png using Guid(8ff9238ba13ab8b4c84f519dc0fc232d) Importer(815301076,1909f56bfc062723c751e8b465ee728b)  -> (artifact id: '9c13e4342d1116567b5e2a9b337393da') in 0.018801 seconds 
  Import took 0.023558 seconds .

========================================================================
Received Import Request.
  Time since last request: 0.000220 seconds.
  path: Assets/Assets/kenney_racingpack_updated/PNG/Cars/car_green_small_4.png
  artifactKey: Guid(4399a9bcf7f8f8b4db8243de88306cb5) Importer(815301076,1909f56bfc062723c751e8b465ee728b)
Start importing Assets/Assets/kenney_racingpack_updated/PNG/Cars/car_green_small_4.png using Guid(4399a9bcf7f8f8b4db8243de88306cb5) Importer(815301076,1909f56bfc062723c751e8b465ee728b)  -> (artifact id: 'cb28990d872b3499552eea56c7638d30') in 0.023862 seconds 
  Import took 0.028061 seconds .

========================================================================
Received Import Request.
  Time since last request: 0.000213 seconds.
  path: Assets/Assets/kenney_racingpack_updated/PNG/Cars/car_black_4.png
  artifactKey: Guid(1ace3a75ceaf05340ae087353dedeec1) Importer(815301076,1909f56bfc062723c751e8b465ee728b)
Start importing Assets/Assets/kenney_racingpack_updated/PNG/Cars/car_black_4.png using Guid(1ace3a75ceaf05340ae087353dedeec1) Importer(815301076,1909f56bfc062723c751e8b465ee728b)  -> (artifact id: '417b4a930967df5cd5cfd3c98d0746ad') in 0.019686 seconds 
  Import took 0.023316 seconds .

========================================================================
Received Import Request.
  Time since last request: 0.000252 seconds.
  path: Assets/Assets/kenney_racingpack_updated/PNG/Cars/car_green_2.png
  artifactKey: Guid(11669b70fdc7c1045b6371e8fc65fdd0) Importer(815301076,1909f56bfc062723c751e8b465ee728b)
Start importing Assets/Assets/kenney_racingpack_updated/PNG/Cars/car_green_2.png using Guid(11669b70fdc7c1045b6371e8fc65fdd0) Importer(815301076,1909f56bfc062723c751e8b465ee728b)  -> (artifact id: '27133866015bc029d07c64a166bb2d66') in 0.021347 seconds 
  Import took 0.025238 seconds .

========================================================================
Received Import Request.
  Time since last request: 0.000209 seconds.
  path: Assets/Assets/kenney_racingpack_updated/PNG/Cars/car_green_small_1.png
  artifactKey: Guid(2d1c563b2b3ba0f49a171c6468ca2c58) Importer(815301076,1909f56bfc062723c751e8b465ee728b)
Start importing Assets/Assets/kenney_racingpack_updated/PNG/Cars/car_green_small_1.png using Guid(2d1c563b2b3ba0f49a171c6468ca2c58) Importer(815301076,1909f56bfc062723c751e8b465ee728b)  -> (artifact id: 'de5457a2637556d9af577dbea85f7d35') in 0.018525 seconds 
  Import took 0.022466 seconds .

========================================================================
Received Import Request.
  Time since last request: 0.000224 seconds.
  path: Assets/Assets/kenney_racingpack_updated/PNG/Cars/car_red_3.png
  artifactKey: Guid(89f01b3991eb92d428e68bc03f1dee3c) Importer(815301076,1909f56bfc062723c751e8b465ee728b)
Start importing Assets/Assets/kenney_racingpack_updated/PNG/Cars/car_red_3.png using Guid(89f01b3991eb92d428e68bc03f1dee3c) Importer(815301076,1909f56bfc062723c751e8b465ee728b)  -> (artifact id: '8e42319c9ea5b7b9e7e2ad4e836a2a0e') in 0.018036 seconds 
  Import took 0.022091 seconds .

========================================================================
Received Import Request.
  Time since last request: 0.000213 seconds.
  path: Assets/Assets/kenney_racingpack_updated/PNG/Cars/car_red_4.png
  artifactKey: Guid(46ddd99ee294b3347ba1afcc043112c2) Importer(815301076,1909f56bfc062723c751e8b465ee728b)
Start importing Assets/Assets/kenney_racingpack_updated/PNG/Cars/car_red_4.png using Guid(46ddd99ee294b3347ba1afcc043112c2) Importer(815301076,1909f56bfc062723c751e8b465ee728b)  -> (artifact id: '611ac06f5a74dcfa24c48a8d864ab567') in 0.018171 seconds 
  Import took 0.022160 seconds .

========================================================================
Received Import Request.
  Time since last request: 0.000252 seconds.
  path: Assets/Assets/kenney_racingpack_updated/PNG/Cars/car_black_small_4.png
  artifactKey: Guid(1f3cc762f76576742a24535fb2057a6c) Importer(815301076,1909f56bfc062723c751e8b465ee728b)
Start importing Assets/Assets/kenney_racingpack_updated/PNG/Cars/car_black_small_4.png using Guid(1f3cc762f76576742a24535fb2057a6c) Importer(815301076,1909f56bfc062723c751e8b465ee728b)  -> (artifact id: '23673f300942592245f1a7665b13ffa6') in 0.023473 seconds 
  Import took 0.028331 seconds .

========================================================================
Received Import Request.
  Time since last request: 0.000209 seconds.
  path: Assets/Assets/kenney_racingpack_updated/PNG/Cars/car_red_5.png
  artifactKey: Guid(7653ec0c74c61c946a262ab5ac7079de) Importer(815301076,1909f56bfc062723c751e8b465ee728b)
Start importing Assets/Assets/kenney_racingpack_updated/PNG/Cars/car_red_5.png using Guid(7653ec0c74c61c946a262ab5ac7079de) Importer(815301076,1909f56bfc062723c751e8b465ee728b)  -> (artifact id: '0b5938dfa73b07a144a0bc4b7be99bda') in 0.019460 seconds 
  Import took 0.023598 seconds .

========================================================================
Received Import Request.
  Time since last request: 33.795463 seconds.
  path: Assets/Assets/kenney_racingpack_updated/License.txt
  artifactKey: Guid(57b559961bf803b4398866e6179ab576) Importer(815301076,1909f56bfc062723c751e8b465ee728b)
Start importing Assets/Assets/kenney_racingpack_updated/License.txt using Guid(57b559961bf803b4398866e6179ab576) Importer(815301076,1909f56bfc062723c751e8b465ee728b)  -> (artifact id: 'b52945fc504e09887b67f3ec222ce4f2') in 0.013326 seconds 
  Import took 0.017906 seconds .

========================================================================
Received Import Request.
  Time since last request: 33.747251 seconds.
  path: Assets/Assets/REDCAR/CARF.pcx
  artifactKey: Guid(71bef779ba3f8834b9e6fcfa388648e8) Importer(815301076,1909f56bfc062723c751e8b465ee728b)
Start importing Assets/Assets/REDCAR/CARF.pcx using Guid(71bef779ba3f8834b9e6fcfa388648e8) Importer(815301076,1909f56bfc062723c751e8b465ee728b)  -> (artifact id: '082b58d7cb17e2c22962c5b5308f3124') in 0.012152 seconds 
  Import took 0.016208 seconds .

========================================================================
Received Import Request.
  Time since last request: 6.294774 seconds.
  path: Assets/Assets/REDCAR/CAR.LBM
  artifactKey: Guid(b49e2d4bccb0970459a4a4f86ea82cb1) Importer(815301076,1909f56bfc062723c751e8b465ee728b)
Start importing Assets/Assets/REDCAR/CAR.LBM using Guid(b49e2d4bccb0970459a4a4f86ea82cb1) Importer(815301076,1909f56bfc062723c751e8b465ee728b)  -> (artifact id: '51047333e1a11ea9d510508f54f5ab3d') in 0.005829 seconds 
  Import took 0.009609 seconds .

========================================================================
Received Import Request.
  Time since last request: 13.458502 seconds.
  path: Assets/Assets/trackVersion3.svg
  artifactKey: Guid(111c2eea0d98b9d49a42616d69809265) Importer(815301076,1909f56bfc062723c751e8b465ee728b)
Start importing Assets/Assets/trackVersion3.svg using Guid(111c2eea0d98b9d49a42616d69809265) Importer(815301076,1909f56bfc062723c751e8b465ee728b)  -> (artifact id: 'a853b4033080bf93545c19fa5a0decc6') in 0.009374 seconds 
  Import took 0.013605 seconds .

========================================================================
Received Import Request.
  Time since last request: 77.612452 seconds.
  path: Assets/Assets/REDCAR/CAR.png
  artifactKey: Guid(d0a03fc05bb1b5a478020beadf607278) Importer(815301076,1909f56bfc062723c751e8b465ee728b)
Start importing Assets/Assets/REDCAR/CAR.png using Guid(d0a03fc05bb1b5a478020beadf607278) Importer(815301076,1909f56bfc062723c751e8b465ee728b)  -> (artifact id: '22d86d06243330106517fdc0c17d0249') in 0.027930 seconds 
  Import took 0.032219 seconds .

========================================================================
Received Import Request.
  Time since last request: 181.881785 seconds.
  path: Assets/Assets/REDCAR/CAR.png
  artifactKey: Guid(d0a03fc05bb1b5a478020beadf607278) Importer(815301076,1909f56bfc062723c751e8b465ee728b)
Start importing Assets/Assets/REDCAR/CAR.png using Guid(d0a03fc05bb1b5a478020beadf607278) Importer(815301076,1909f56bfc062723c751e8b465ee728b)  -> (artifact id: 'e3cc5a4e772e3cc6d013f25746de0d94') in 0.083887 seconds 
  Import took 0.088025 seconds .

========================================================================
Received Import Request.
  Time since last request: 120.433782 seconds.
  path: Assets/Assets/REDCAR/CAR.png
  artifactKey: Guid(d0a03fc05bb1b5a478020beadf607278) Importer(815301076,1909f56bfc062723c751e8b465ee728b)
Start importing Assets/Assets/REDCAR/CAR.png using Guid(d0a03fc05bb1b5a478020beadf607278) Importer(815301076,1909f56bfc062723c751e8b465ee728b)  -> (artifact id: 'd945332f5dd259368e9c15f0f307e026') in 0.016777 seconds 
  Import took 0.022149 seconds .

========================================================================
Received Import Request.
  Time since last request: 36.306869 seconds.
  path: Assets/Assets/REDCAR/CAR.png
  artifactKey: Guid(d0a03fc05bb1b5a478020beadf607278) Importer(815301076,1909f56bfc062723c751e8b465ee728b)
Start importing Assets/Assets/REDCAR/CAR.png using Guid(d0a03fc05bb1b5a478020beadf607278) Importer(815301076,1909f56bfc062723c751e8b465ee728b)  -> (artifact id: 'dae005fdd8ed3a1437bb081c0429de07') in 0.010412 seconds 
  Import took 0.014351 seconds .

========================================================================
Received Import Request.
  Time since last request: 98.389966 seconds.
  path: Assets/Assets/REDCAR/CAR.png
  artifactKey: Guid(d0a03fc05bb1b5a478020beadf607278) Importer(815301076,1909f56bfc062723c751e8b465ee728b)
Start importing Assets/Assets/REDCAR/CAR.png using Guid(d0a03fc05bb1b5a478020beadf607278) Importer(815301076,1909f56bfc062723c751e8b465ee728b)  -> (artifact id: '5656ec64a222df44062b8e95ef0c1b4c') in 0.053231 seconds 
  Import took 0.057186 seconds .

========================================================================
Received Import Request.
  Time since last request: 144.561375 seconds.
  path: Assets/Assets/REDCAR/CAR.png
  artifactKey: Guid(d0a03fc05bb1b5a478020beadf607278) Importer(815301076,1909f56bfc062723c751e8b465ee728b)
Start importing Assets/Assets/REDCAR/CAR.png using Guid(d0a03fc05bb1b5a478020beadf607278) Importer(815301076,1909f56bfc062723c751e8b465ee728b)  -> (artifact id: 'c8c8b6984450ab163966af6a0d7a950d') in 0.080243 seconds 
  Import took 0.084055 seconds .

========================================================================
Received Import Request.
  Time since last request: 12.003533 seconds.
  path: Assets/Assets/REDCAR/CAR.png
  artifactKey: Guid(d0a03fc05bb1b5a478020beadf607278) Importer(815301076,1909f56bfc062723c751e8b465ee728b)
Start importing Assets/Assets/REDCAR/CAR.png using Guid(d0a03fc05bb1b5a478020beadf607278) Importer(815301076,1909f56bfc062723c751e8b465ee728b)  -> (artifact id: 'caaca7204ff1514597ad82e67e496e37') in 0.080813 seconds 
  Import took 0.085099 seconds .

========================================================================
Received Import Request.
  Time since last request: 6.394544 seconds.
  path: Assets/Assets/REDCAR/CAR.png
  artifactKey: Guid(d0a03fc05bb1b5a478020beadf607278) Importer(815301076,1909f56bfc062723c751e8b465ee728b)
Start importing Assets/Assets/REDCAR/CAR.png using Guid(d0a03fc05bb1b5a478020beadf607278) Importer(815301076,1909f56bfc062723c751e8b465ee728b)  -> (artifact id: 'c4a4600bb67c96b90ffe128c0a8641e4') in 0.078949 seconds 
  Import took 0.082733 seconds .

========================================================================
Received Import Request.
  Time since last request: 4.083555 seconds.
  path: Assets/Assets/REDCAR/CAR.png
  artifactKey: Guid(d0a03fc05bb1b5a478020beadf607278) Importer(815301076,1909f56bfc062723c751e8b465ee728b)
Start importing Assets/Assets/REDCAR/CAR.png using Guid(d0a03fc05bb1b5a478020beadf607278) Importer(815301076,1909f56bfc062723c751e8b465ee728b)  -> (artifact id: '3005fb72c3e8f3df9f20dbc51b8477a5') in 0.079261 seconds 
  Import took 0.083467 seconds .

========================================================================
Received Prepare
Registering precompiled user dll's ...
Registered in 0.005106 seconds.
Begin MonoManager ReloadAssembly
Native extension for WindowsStandalone target not found
Refreshing native plugins compatible for Editor in 0.59 ms, found 3 plugins.
Preloading 0 native plugins for Editor in 0.00 ms.
Mono: successfully reloaded assembly
- Completed reload, in  1.367 seconds
Domain Reload Profiling:
	ReloadAssembly (1367ms)
		BeginReloadAssembly (160ms)
			ExecutionOrderSort (0ms)
			DisableScriptedObjects (7ms)
			BackupInstance (0ms)
			ReleaseScriptingObjects (0ms)
			CreateAndSetChildDomain (51ms)
		EndReloadAssembly (1118ms)
			LoadAssemblies (117ms)
			RebuildTransferFunctionScriptingTraits (0ms)
			SetupTypeCache (348ms)
			ReleaseScriptCaches (1ms)
			RebuildScriptCaches (53ms)
			SetupLoadedEditorAssemblies (472ms)
				LogAssemblyErrors (0ms)
				InitializePlatformSupportModulesInManaged (6ms)
				SetLoadedEditorAssemblies (1ms)
				RefreshPlugins (1ms)
				BeforeProcessingInitializeOnLoad (107ms)
				ProcessInitializeOnLoadAttributes (342ms)
				ProcessInitializeOnLoadMethodAttributes (7ms)
				AfterProcessingInitializeOnLoad (9ms)
				EditorAssembliesLoaded (0ms)
			ExecutionOrderSort2 (0ms)
			AwakeInstancesAfterBackupRestoration (13ms)
Platform modules already initialized, skipping
Refreshing native plugins compatible for Editor in 0.59 ms, found 3 plugins.
Preloading 0 native plugins for Editor in 0.00 ms.
Unloading 2083 Unused Serialized files (Serialized files now loaded: 0)
System memory in use before: 95.6 MB.
System memory in use after: 95.8 MB.

Unloading 16 unused Assets to reduce memory usage. Loaded Objects now: 2587.
Total: 5.169900 ms (FindLiveObjects: 0.310000 ms CreateObjectMapping: 0.076300 ms MarkObjects: 4.753300 ms  DeleteObjects: 0.028000 ms)

AssetImportParameters requested are different than current active one (requested -> active):
  custom:framework-win-MediaFoundation: 216162199b28c13a410421893ffa2e32 -> 
  custom:video-decoder-ogg-theora: a1e56fd34408186e4bbccfd4996cb3dc -> 
  custom:container-muxer-webm: aa71ff27fc2769a1b78a27578f13a17b -> 
  custom:container-demuxer-webm: 4f35f7cbe854078d1ac9338744f61a02 -> 
  custom:container-demuxer-ogg: 62fdf1f143b41e24485cea50d1cbac27 -> 
  custom:video-encoder-webm-vp8: eb34c28f22e8b96e1ab97ce403110664 -> 
  custom:video-decoder-webm-vp8: 9c59270c3fd7afecdb556c50c9e8de78 -> 
  custom:audio-decoder-ogg-vorbis: bf7c407c2cedff20999df2af8eb42d56 -> 
  custom:audio-encoder-webm-vorbis: bf7c407c2cedff20999df2af8eb42d56 -> 
========================================================================
Received Import Request.
  Time since last request: 97.078667 seconds.
  path: Assets/Player.cs
  artifactKey: Guid(346ec3a312050014d9b1cd9175db0e95) Importer(815301076,1909f56bfc062723c751e8b465ee728b)
Start importing Assets/Player.cs using Guid(346ec3a312050014d9b1cd9175db0e95) Importer(815301076,1909f56bfc062723c751e8b465ee728b)  -> (artifact id: '4612c355df8cc9292ddfb249d921fce6') in 0.049230 seconds 
  Import took 0.053744 seconds .

========================================================================
Received Prepare
Registering precompiled user dll's ...
Registered in 0.004978 seconds.
Begin MonoManager ReloadAssembly
Native extension for WindowsStandalone target not found
Refreshing native plugins compatible for Editor in 0.59 ms, found 3 plugins.
Preloading 0 native plugins for Editor in 0.00 ms.
Mono: successfully reloaded assembly
- Completed reload, in  1.290 seconds
Domain Reload Profiling:
	ReloadAssembly (1290ms)
		BeginReloadAssembly (137ms)
			ExecutionOrderSort (0ms)
			DisableScriptedObjects (8ms)
			BackupInstance (0ms)
			ReleaseScriptingObjects (0ms)
			CreateAndSetChildDomain (43ms)
		EndReloadAssembly (1071ms)
			LoadAssemblies (106ms)
			RebuildTransferFunctionScriptingTraits (0ms)
			SetupTypeCache (334ms)
			ReleaseScriptCaches (1ms)
			RebuildScriptCaches (47ms)
			SetupLoadedEditorAssemblies (461ms)
				LogAssemblyErrors (0ms)
				InitializePlatformSupportModulesInManaged (6ms)
				SetLoadedEditorAssemblies (1ms)
				RefreshPlugins (1ms)
				BeforeProcessingInitializeOnLoad (106ms)
				ProcessInitializeOnLoadAttributes (329ms)
				ProcessInitializeOnLoadMethodAttributes (9ms)
				AfterProcessingInitializeOnLoad (10ms)
				EditorAssembliesLoaded (0ms)
			ExecutionOrderSort2 (0ms)
			AwakeInstancesAfterBackupRestoration (14ms)
Platform modules already initialized, skipping
Refreshing native plugins compatible for Editor in 0.60 ms, found 3 plugins.
Preloading 0 native plugins for Editor in 0.00 ms.
Unloading 2082 Unused Serialized files (Serialized files now loaded: 0)
System memory in use before: 95.7 MB.
System memory in use after: 95.8 MB.

Unloading 17 unused Assets to reduce memory usage. Loaded Objects now: 2589.
Total: 4.804200 ms (FindLiveObjects: 0.277500 ms CreateObjectMapping: 0.073300 ms MarkObjects: 4.422800 ms  DeleteObjects: 0.029000 ms)

AssetImportParameters requested are different than current active one (requested -> active):
  custom:framework-win-MediaFoundation: 216162199b28c13a410421893ffa2e32 -> 
  custom:video-decoder-ogg-theora: a1e56fd34408186e4bbccfd4996cb3dc -> 
  custom:container-muxer-webm: aa71ff27fc2769a1b78a27578f13a17b -> 
  custom:container-demuxer-webm: 4f35f7cbe854078d1ac9338744f61a02 -> 
  custom:container-demuxer-ogg: 62fdf1f143b41e24485cea50d1cbac27 -> 
  custom:video-encoder-webm-vp8: eb34c28f22e8b96e1ab97ce403110664 -> 
  custom:video-decoder-webm-vp8: 9c59270c3fd7afecdb556c50c9e8de78 -> 
  custom:audio-decoder-ogg-vorbis: bf7c407c2cedff20999df2af8eb42d56 -> 
  custom:audio-encoder-webm-vorbis: bf7c407c2cedff20999df2af8eb42d56 -> 
========================================================================
Received Import Request.
  Time since last request: 7.561720 seconds.
  path: Assets
  artifactKey: Guid(00000000000000001000000000000000) Importer(815301076,1909f56bfc062723c751e8b465ee728b)
Start importing Assets using Guid(00000000000000001000000000000000) Importer(815301076,1909f56bfc062723c751e8b465ee728b)  -> (artifact id: '42d402b061de3733987d63b9cc3b64de') in 0.007563 seconds 
  Import took 0.011541 seconds .

========================================================================
Received Import Request.
  Time since last request: 3.945915 seconds.
  path: Assets/Scripts
  artifactKey: Guid(b0a66390e3992a74eae4d0ea34b7e512) Importer(815301076,1909f56bfc062723c751e8b465ee728b)
Start importing Assets/Scripts using Guid(b0a66390e3992a74eae4d0ea34b7e512) Importer(815301076,1909f56bfc062723c751e8b465ee728b)  -> (artifact id: '4023bcb54458aa194f97269b543600e1') in 0.007740 seconds 
  Import took 0.011735 seconds .

========================================================================
Received Import Request.
  Time since last request: 5.514981 seconds.
  path: Assets/Scripts/Player.cs
  artifactKey: Guid(793c4c355287bb644992e6a81338ba39) Importer(815301076,1909f56bfc062723c751e8b465ee728b)
Start importing Assets/Scripts/Player.cs using Guid(793c4c355287bb644992e6a81338ba39) Importer(815301076,1909f56bfc062723c751e8b465ee728b)  -> (artifact id: '7a6dfc3557acc42552fc49a4043a0c7b') in 0.003661 seconds 
  Import took 0.007926 seconds .

========================================================================
Received Prepare
Registering precompiled user dll's ...
Registered in 0.005198 seconds.
Begin MonoManager ReloadAssembly
Native extension for WindowsStandalone target not found
Refreshing native plugins compatible for Editor in 0.86 ms, found 3 plugins.
Preloading 0 native plugins for Editor in 0.00 ms.
Mono: successfully reloaded assembly
- Completed reload, in  1.289 seconds
Domain Reload Profiling:
	ReloadAssembly (1290ms)
		BeginReloadAssembly (147ms)
			ExecutionOrderSort (0ms)
			DisableScriptedObjects (7ms)
			BackupInstance (0ms)
			ReleaseScriptingObjects (0ms)
			CreateAndSetChildDomain (44ms)
		EndReloadAssembly (1059ms)
			LoadAssemblies (112ms)
			RebuildTransferFunctionScriptingTraits (0ms)
			SetupTypeCache (324ms)
			ReleaseScriptCaches (1ms)
			RebuildScriptCaches (47ms)
			SetupLoadedEditorAssemblies (448ms)
				LogAssemblyErrors (0ms)
				InitializePlatformSupportModulesInManaged (6ms)
				SetLoadedEditorAssemblies (1ms)
				RefreshPlugins (1ms)
				BeforeProcessingInitializeOnLoad (102ms)
				ProcessInitializeOnLoadAttributes (321ms)
				ProcessInitializeOnLoadMethodAttributes (7ms)
				AfterProcessingInitializeOnLoad (10ms)
				EditorAssembliesLoaded (0ms)
			ExecutionOrderSort2 (0ms)
			AwakeInstancesAfterBackupRestoration (14ms)
Platform modules already initialized, skipping
Refreshing native plugins compatible for Editor in 0.58 ms, found 3 plugins.
Preloading 0 native plugins for Editor in 0.00 ms.
Unloading 2083 Unused Serialized files (Serialized files now loaded: 0)
System memory in use before: 95.7 MB.
System memory in use after: 95.8 MB.

Unloading 16 unused Assets to reduce memory usage. Loaded Objects now: 2593.
Total: 4.945700 ms (FindLiveObjects: 0.285500 ms CreateObjectMapping: 0.074500 ms MarkObjects: 4.557500 ms  DeleteObjects: 0.026600 ms)

AssetImportParameters requested are different than current active one (requested -> active):
  custom:framework-win-MediaFoundation: 216162199b28c13a410421893ffa2e32 -> 
  custom:video-decoder-ogg-theora: a1e56fd34408186e4bbccfd4996cb3dc -> 
  custom:container-muxer-webm: aa71ff27fc2769a1b78a27578f13a17b -> 
  custom:container-demuxer-webm: 4f35f7cbe854078d1ac9338744f61a02 -> 
  custom:container-demuxer-ogg: 62fdf1f143b41e24485cea50d1cbac27 -> 
  custom:video-encoder-webm-vp8: eb34c28f22e8b96e1ab97ce403110664 -> 
  custom:video-decoder-webm-vp8: 9c59270c3fd7afecdb556c50c9e8de78 -> 
  custom:audio-decoder-ogg-vorbis: bf7c407c2cedff20999df2af8eb42d56 -> 
  custom:audio-encoder-webm-vorbis: bf7c407c2cedff20999df2af8eb42d56 -> 
========================================================================
Received Import Request.
  Time since last request: 43.986391 seconds.
  path: Assets/Assets/kenney_racingpack_updated/spritesheet_tiles.png
  artifactKey: Guid(6c3b656d1ac483340ba691684c09e47f) Importer(815301076,1909f56bfc062723c751e8b465ee728b)
Start importing Assets/Assets/kenney_racingpack_updated/spritesheet_tiles.png using Guid(6c3b656d1ac483340ba691684c09e47f) Importer(815301076,1909f56bfc062723c751e8b465ee728b)  -> (artifact id: 'b22a1b40558e8ff7ea939f360ec063bb') in 0.056606 seconds 
  Import took 0.060658 seconds .

========================================================================
Received Import Request.
  Time since last request: 2.190365 seconds.
  path: Assets/Assets/kenney_racingpack_updated/spritesheet_tiles.png
  artifactKey: Guid(6c3b656d1ac483340ba691684c09e47f) Importer(815301076,1909f56bfc062723c751e8b465ee728b)
Start importing Assets/Assets/kenney_racingpack_updated/spritesheet_tiles.png using Guid(6c3b656d1ac483340ba691684c09e47f) Importer(815301076,1909f56bfc062723c751e8b465ee728b)  -> (artifact id: '81b882bdbc28f79c76761edf78a5d05b') in 0.018269 seconds 
  Import took 0.021913 seconds .

========================================================================
Received Import Request.
  Time since last request: 79.949675 seconds.
  path: Assets/Assets/kenney_racingpack_updated/spritesheet_tiles.png
  artifactKey: Guid(6c3b656d1ac483340ba691684c09e47f) Importer(815301076,1909f56bfc062723c751e8b465ee728b)
Start importing Assets/Assets/kenney_racingpack_updated/spritesheet_tiles.png using Guid(6c3b656d1ac483340ba691684c09e47f) Importer(815301076,1909f56bfc062723c751e8b465ee728b)  -> (artifact id: '664347b8865e2fc0556e5b3be57dcf85') in 3.178623 seconds 
  Import took 3.189329 seconds .

========================================================================
Received Import Request.
  Time since last request: 37.422784 seconds.
  path: Assets/Assets/kenney_racingpack_updated/spritesheet_tiles.png
  artifactKey: Guid(6c3b656d1ac483340ba691684c09e47f) Importer(815301076,1909f56bfc062723c751e8b465ee728b)
Start importing Assets/Assets/kenney_racingpack_updated/spritesheet_tiles.png using Guid(6c3b656d1ac483340ba691684c09e47f) Importer(815301076,1909f56bfc062723c751e8b465ee728b)  -> (artifact id: '29dfb366e8861caa30c754e6ef1dcf53') in 3.420367 seconds 
  Import took 3.432773 seconds .

========================================================================
Received Import Request.
  Time since last request: 0.007452 seconds.
  path: Assets/Assets/kenney_racingpack_updated/spritesheet_tiles.png
  artifactKey: Guid(6c3b656d1ac483340ba691684c09e47f) Importer(815301076,1909f56bfc062723c751e8b465ee728b)
Start importing Assets/Assets/kenney_racingpack_updated/spritesheet_tiles.png using Guid(6c3b656d1ac483340ba691684c09e47f) Importer(815301076,1909f56bfc062723c751e8b465ee728b)  -> (artifact id: '29dfb366e8861caa30c754e6ef1dcf53') in 3.591788 seconds 
  Import took 3.602615 seconds .

========================================================================
Received Import Request.
  Time since last request: 11.072306 seconds.
  path: Assets/TilePallets
  artifactKey: Guid(787f303b836363a499c6e522cea1e542) Importer(815301076,1909f56bfc062723c751e8b465ee728b)
Start importing Assets/TilePallets using Guid(787f303b836363a499c6e522cea1e542) Importer(815301076,1909f56bfc062723c751e8b465ee728b)  -> (artifact id: '87a6bfb23e7d223b43b3cc5b45770502') in 0.007958 seconds 
  Import took 0.011879 seconds .

========================================================================
Received Import Request.
  Time since last request: 0.004008 seconds.
  path: Assets/TilePallets
  artifactKey: Guid(787f303b836363a499c6e522cea1e542) Importer(815301076,1909f56bfc062723c751e8b465ee728b)
Start importing Assets/TilePallets using Guid(787f303b836363a499c6e522cea1e542) Importer(815301076,1909f56bfc062723c751e8b465ee728b)  -> (artifact id: '87a6bfb23e7d223b43b3cc5b45770502') in 0.004408 seconds 
  Import took 0.008399 seconds .

========================================================================
Received Import Request.
  Time since last request: 9.930606 seconds.
  path: Assets/TilePallets/Rectangular Palette.prefab
  artifactKey: Guid(f2220e60d866de243933b3e74451ab06) Importer(815301076,1909f56bfc062723c751e8b465ee728b)
Start importing Assets/TilePallets/Rectangular Palette.prefab using Guid(f2220e60d866de243933b3e74451ab06) Importer(815301076,1909f56bfc062723c751e8b465ee728b)  -> (artifact id: '92ed18e2d0341c2197d9ca82d0b2539c') in 0.049346 seconds 
  Import took 0.053284 seconds .

========================================================================
Received Import Request.
  Time since last request: 9.684390 seconds.
  path: Assets/TilePallets/Road.prefab
  artifactKey: Guid(f2220e60d866de243933b3e74451ab06) Importer(815301076,1909f56bfc062723c751e8b465ee728b)
Start importing Assets/TilePallets/Road.prefab using Guid(f2220e60d866de243933b3e74451ab06) Importer(815301076,1909f56bfc062723c751e8b465ee728b)  -> (artifact id: 'b80912913fc609a196b1e08238e8f771') in 0.017829 seconds 
  Import took 0.021836 seconds .

========================================================================
Received Import Request.
  Time since last request: 5.150469 seconds.
  path: Assets/TilePallets/Road
  artifactKey: Guid(42b8c585a4c0c8c4a8ccf3377fd065b9) Importer(815301076,1909f56bfc062723c751e8b465ee728b)
Start importing Assets/TilePallets/Road using Guid(42b8c585a4c0c8c4a8ccf3377fd065b9) Importer(815301076,1909f56bfc062723c751e8b465ee728b)  -> (artifact id: 'f0ad9ab3d73829e7796b550e393d2221') in 0.003047 seconds 
  Import took 0.006924 seconds .

========================================================================
Received Import Request.
  Time since last request: 533.987827 seconds.
  path: Assets/Assets/road.jpg
  artifactKey: Guid(b290332827c242c43b694b58e64a6d74) Importer(815301076,1909f56bfc062723c751e8b465ee728b)
Start importing Assets/Assets/road.jpg using Guid(b290332827c242c43b694b58e64a6d74) Importer(815301076,1909f56bfc062723c751e8b465ee728b)  -> (artifact id: 'ce8ce7774e163092b7b40ff178563d1a') in 0.026277 seconds 
  Import took 0.030561 seconds .

========================================================================
Received Import Request.
  Time since last request: 71.872767 seconds.
  path: Assets/road.prefab
  artifactKey: Guid(41a9603050551eb41877a73784eb3beb) Importer(815301076,1909f56bfc062723c751e8b465ee728b)
Start importing Assets/road.prefab using Guid(41a9603050551eb41877a73784eb3beb) Importer(815301076,1909f56bfc062723c751e8b465ee728b)  -> (artifact id: '30d859f60344fe7e7a2eb16c6f8e321f') in 0.021550 seconds 
  Import took 0.025710 seconds .

========================================================================
Received Import Request.
  Time since last request: 5.164360 seconds.
  path: Assets/Prefabs
  artifactKey: Guid(790011208b87bbd448da251bb7171152) Importer(815301076,1909f56bfc062723c751e8b465ee728b)
Start importing Assets/Prefabs using Guid(790011208b87bbd448da251bb7171152) Importer(815301076,1909f56bfc062723c751e8b465ee728b)  -> (artifact id: '6bbce81caf3f15c7ec0f49a82993399a') in 0.009077 seconds 
  Import took 0.013068 seconds .

========================================================================
Received Import Request.
  Time since last request: 15.707021 seconds.
  path: Assets/Prefabs/Road 1.prefab
  artifactKey: Guid(6c2c08c6fa8d05046a13a0e14406e325) Importer(815301076,1909f56bfc062723c751e8b465ee728b)
Start importing Assets/Prefabs/Road 1.prefab using Guid(6c2c08c6fa8d05046a13a0e14406e325) Importer(815301076,1909f56bfc062723c751e8b465ee728b)  -> (artifact id: '1a252e17e12a9adf86f38264a6eec20e') in 0.011793 seconds 
  Import took 0.016346 seconds .

========================================================================
Received Import Request.
  Time since last request: 7.769517 seconds.
  path: Assets/Prefabs/Road 1.prefab
  artifactKey: Guid(6c2c08c6fa8d05046a13a0e14406e325) Importer(815301076,1909f56bfc062723c751e8b465ee728b)
Start importing Assets/Prefabs/Road 1.prefab using Guid(6c2c08c6fa8d05046a13a0e14406e325) Importer(815301076,1909f56bfc062723c751e8b465ee728b)  -> (artifact id: 'a8fd691e55f554da0f242cc75a3c899c') in 0.007298 seconds 
  Import took 0.011260 seconds .

========================================================================
Received Import Request.
  Time since last request: 51.098348 seconds.
  path: Assets/Prefabs/Road 1.prefab
  artifactKey: Guid(6c2c08c6fa8d05046a13a0e14406e325) Importer(815301076,1909f56bfc062723c751e8b465ee728b)
Start importing Assets/Prefabs/Road 1.prefab using Guid(6c2c08c6fa8d05046a13a0e14406e325) Importer(815301076,1909f56bfc062723c751e8b465ee728b)  -> (artifact id: '7aa8f273350cd8dd11ea71cce0c8f2c7') in 0.018859 seconds 
  Import took 0.022990 seconds .

========================================================================
Received Import Request.
  Time since last request: 72.469379 seconds.
  path: Assets/Prefabs/Road 1.prefab
  artifactKey: Guid(6c2c08c6fa8d05046a13a0e14406e325) Importer(815301076,1909f56bfc062723c751e8b465ee728b)
Start importing Assets/Prefabs/Road 1.prefab using Guid(6c2c08c6fa8d05046a13a0e14406e325) Importer(815301076,1909f56bfc062723c751e8b465ee728b)  -> (artifact id: 'a8fcbbbd2e86c1308999ddc3722ee877') in 0.016601 seconds 
  Import took 0.021139 seconds .

========================================================================
Received Import Request.
  Time since last request: 467.385653 seconds.
  path: Assets/Scripts/Player.cs
  artifactKey: Guid(793c4c355287bb644992e6a81338ba39) Importer(815301076,1909f56bfc062723c751e8b465ee728b)
Start importing Assets/Scripts/Player.cs using Guid(793c4c355287bb644992e6a81338ba39) Importer(815301076,1909f56bfc062723c751e8b465ee728b)  -> (artifact id: '20d034b6e4bc53f82de89a50736da091') in 0.008087 seconds 
  Import took 0.012396 seconds .

========================================================================
Received Import Request.
  Time since last request: 0.071252 seconds.
  path: Assets/Scripts/Player.cs
  artifactKey: Guid(793c4c355287bb644992e6a81338ba39) Importer(815301076,1909f56bfc062723c751e8b465ee728b)
Start importing Assets/Scripts/Player.cs using Guid(793c4c355287bb644992e6a81338ba39) Importer(815301076,1909f56bfc062723c751e8b465ee728b)  -> (artifact id: '20d034b6e4bc53f82de89a50736da091') in 0.004711 seconds 
  Import took 0.009375 seconds .

========================================================================
Received Prepare
Registering precompiled user dll's ...
Registered in 0.010113 seconds.
Begin MonoManager ReloadAssembly
Native extension for WindowsStandalone target not found
Refreshing native plugins compatible for Editor in 0.72 ms, found 3 plugins.
Preloading 0 native plugins for Editor in 0.00 ms.
Mono: successfully reloaded assembly
- Completed reload, in  1.319 seconds
Domain Reload Profiling:
	ReloadAssembly (1320ms)
		BeginReloadAssembly (144ms)
			ExecutionOrderSort (0ms)
			DisableScriptedObjects (8ms)
			BackupInstance (0ms)
			ReleaseScriptingObjects (0ms)
			CreateAndSetChildDomain (43ms)
		EndReloadAssembly (1093ms)
			LoadAssemblies (116ms)
			RebuildTransferFunctionScriptingTraits (0ms)
			SetupTypeCache (332ms)
			ReleaseScriptCaches (1ms)
			RebuildScriptCaches (54ms)
			SetupLoadedEditorAssemblies (465ms)
				LogAssemblyErrors (0ms)
				InitializePlatformSupportModulesInManaged (6ms)
				SetLoadedEditorAssemblies (1ms)
				RefreshPlugins (1ms)
				BeforeProcessingInitializeOnLoad (101ms)
				ProcessInitializeOnLoadAttributes (338ms)
				ProcessInitializeOnLoadMethodAttributes (9ms)
				AfterProcessingInitializeOnLoad (10ms)
				EditorAssembliesLoaded (0ms)
			ExecutionOrderSort2 (0ms)
			AwakeInstancesAfterBackupRestoration (15ms)
Platform modules already initialized, skipping
Refreshing native plugins compatible for Editor in 0.72 ms, found 3 plugins.
Preloading 0 native plugins for Editor in 0.00 ms.
Unloading 2083 Unused Serialized files (Serialized files now loaded: 0)
System memory in use before: 96.6 MB.
System memory in use after: 96.8 MB.

Unloading 16 unused Assets to reduce memory usage. Loaded Objects now: 2604.
Total: 4.826100 ms (FindLiveObjects: 0.367000 ms CreateObjectMapping: 0.114600 ms MarkObjects: 4.317900 ms  DeleteObjects: 0.024700 ms)

AssetImportParameters requested are different than current active one (requested -> active):
  custom:framework-win-MediaFoundation: 216162199b28c13a410421893ffa2e32 -> 
  custom:video-decoder-ogg-theora: a1e56fd34408186e4bbccfd4996cb3dc -> 
  custom:container-muxer-webm: aa71ff27fc2769a1b78a27578f13a17b -> 
  custom:container-demuxer-webm: 4f35f7cbe854078d1ac9338744f61a02 -> 
  custom:container-demuxer-ogg: 62fdf1f143b41e24485cea50d1cbac27 -> 
  custom:video-encoder-webm-vp8: eb34c28f22e8b96e1ab97ce403110664 -> 
  custom:video-decoder-webm-vp8: 9c59270c3fd7afecdb556c50c9e8de78 -> 
  custom:audio-decoder-ogg-vorbis: bf7c407c2cedff20999df2af8eb42d56 -> 
  custom:audio-encoder-webm-vorbis: bf7c407c2cedff20999df2af8eb42d56 -> 
========================================================================
Received Import Request.
  Time since last request: 42.113796 seconds.
  path: Assets/Prefabs/Player.prefab
  artifactKey: Guid(57b5f7999934981488d2adb19c960847) Importer(815301076,1909f56bfc062723c751e8b465ee728b)
Start importing Assets/Prefabs/Player.prefab using Guid(57b5f7999934981488d2adb19c960847) Importer(815301076,1909f56bfc062723c751e8b465ee728b)  -> (artifact id: 'b340aa453e08e9828d9619edd5daf02b') in 0.080381 seconds 
  Import took 0.085104 seconds .

========================================================================
Received Import Request.
  Time since last request: 0.004415 seconds.
  path: Assets/Prefabs/Player.prefab
  artifactKey: Guid(57b5f7999934981488d2adb19c960847) Importer(815301076,1909f56bfc062723c751e8b465ee728b)
Start importing Assets/Prefabs/Player.prefab using Guid(57b5f7999934981488d2adb19c960847) Importer(815301076,1909f56bfc062723c751e8b465ee728b)  -> (artifact id: 'b340aa453e08e9828d9619edd5daf02b') in 0.014536 seconds 
  Import took 0.018399 seconds .

========================================================================
Received Import Request.
  Time since last request: 23.480978 seconds.
  path: Assets/Prefabs/Player.prefab
  artifactKey: Guid(57b5f7999934981488d2adb19c960847) Importer(815301076,1909f56bfc062723c751e8b465ee728b)
Start importing Assets/Prefabs/Player.prefab using Guid(57b5f7999934981488d2adb19c960847) Importer(815301076,1909f56bfc062723c751e8b465ee728b)  -> (artifact id: '7938892a5e2f22c04fa7f9f3f7178ee8') in 0.021333 seconds 
  Import took 0.025358 seconds .

========================================================================
Received Import Request.
  Time since last request: 3.612192 seconds.
  path: Assets/Prefabs/Player.prefab
  artifactKey: Guid(57b5f7999934981488d2adb19c960847) Importer(815301076,1909f56bfc062723c751e8b465ee728b)
Start importing Assets/Prefabs/Player.prefab using Guid(57b5f7999934981488d2adb19c960847) Importer(815301076,1909f56bfc062723c751e8b465ee728b)  -> (artifact id: '1dd14a47caa91f0ecc9bed7210d98590') in 0.014506 seconds 
  Import took 0.018955 seconds .

========================================================================
Received Import Request.
  Time since last request: 4.275774 seconds.
  path: Assets/Prefabs/Player.prefab
  artifactKey: Guid(57b5f7999934981488d2adb19c960847) Importer(815301076,1909f56bfc062723c751e8b465ee728b)
Start importing Assets/Prefabs/Player.prefab using Guid(57b5f7999934981488d2adb19c960847) Importer(815301076,1909f56bfc062723c751e8b465ee728b)  -> (artifact id: 'de1578730299883de8c9a883f72f12ac') in 0.014340 seconds 
  Import took 0.019489 seconds .

========================================================================
Received Import Request.
  Time since last request: 0.001772 seconds.
  path: Assets/Prefabs/Player.prefab
  artifactKey: Guid(57b5f7999934981488d2adb19c960847) Importer(815301076,1909f56bfc062723c751e8b465ee728b)
Start importing Assets/Prefabs/Player.prefab using Guid(57b5f7999934981488d2adb19c960847) Importer(815301076,1909f56bfc062723c751e8b465ee728b)  -> (artifact id: 'de1578730299883de8c9a883f72f12ac') in 0.018865 seconds 
  Import took 0.023198 seconds .

========================================================================
Received Import Request.
  Time since last request: 28.624597 seconds.
  path: Assets/Prefabs/Player.prefab
  artifactKey: Guid(57b5f7999934981488d2adb19c960847) Importer(815301076,1909f56bfc062723c751e8b465ee728b)
Start importing Assets/Prefabs/Player.prefab using Guid(57b5f7999934981488d2adb19c960847) Importer(815301076,1909f56bfc062723c751e8b465ee728b)  -> (artifact id: 'a0f66ffd338db057b4194b859ae90311') in 0.013758 seconds 
  Import took 0.017971 seconds .

========================================================================
Received Import Request.
  Time since last request: 1.578083 seconds.
  path: Assets/Prefabs/Player.prefab
  artifactKey: Guid(57b5f7999934981488d2adb19c960847) Importer(815301076,1909f56bfc062723c751e8b465ee728b)
Start importing Assets/Prefabs/Player.prefab using Guid(57b5f7999934981488d2adb19c960847) Importer(815301076,1909f56bfc062723c751e8b465ee728b)  -> (artifact id: 'f2b07f2daa3bb7cd4fa68ece30ad8301') in 0.014182 seconds 
  Import took 0.018378 seconds .

========================================================================
Received Import Request.
  Time since last request: 4.045550 seconds.
  path: Assets/Prefabs/Player.prefab
  artifactKey: Guid(57b5f7999934981488d2adb19c960847) Importer(815301076,1909f56bfc062723c751e8b465ee728b)
Start importing Assets/Prefabs/Player.prefab using Guid(57b5f7999934981488d2adb19c960847) Importer(815301076,1909f56bfc062723c751e8b465ee728b)  -> (artifact id: 'e61ab18d37491617e1ae40db4c2c976d') in 0.011580 seconds 
  Import took 0.016507 seconds .

========================================================================
Received Prepare
Registering precompiled user dll's ...
Registered in 0.006102 seconds.
Begin MonoManager ReloadAssembly
Native extension for WindowsStandalone target not found
Refreshing native plugins compatible for Editor in 0.75 ms, found 3 plugins.
Preloading 0 native plugins for Editor in 0.00 ms.
Mono: successfully reloaded assembly
- Completed reload, in  1.260 seconds
Domain Reload Profiling:
	ReloadAssembly (1260ms)
		BeginReloadAssembly (136ms)
			ExecutionOrderSort (0ms)
			DisableScriptedObjects (7ms)
			BackupInstance (0ms)
			ReleaseScriptingObjects (0ms)
			CreateAndSetChildDomain (42ms)
		EndReloadAssembly (1049ms)
			LoadAssemblies (105ms)
			RebuildTransferFunctionScriptingTraits (0ms)
			SetupTypeCache (318ms)
			ReleaseScriptCaches (1ms)
			RebuildScriptCaches (49ms)
			SetupLoadedEditorAssemblies (452ms)
				LogAssemblyErrors (0ms)
				InitializePlatformSupportModulesInManaged (6ms)
				SetLoadedEditorAssemblies (1ms)
				RefreshPlugins (1ms)
				BeforeProcessingInitializeOnLoad (100ms)
				ProcessInitializeOnLoadAttributes (328ms)
				ProcessInitializeOnLoadMethodAttributes (7ms)
				AfterProcessingInitializeOnLoad (9ms)
				EditorAssembliesLoaded (0ms)
			ExecutionOrderSort2 (0ms)
			AwakeInstancesAfterBackupRestoration (12ms)
Platform modules already initialized, skipping
Refreshing native plugins compatible for Editor in 0.72 ms, found 3 plugins.
Preloading 0 native plugins for Editor in 0.00 ms.
Unloading 2083 Unused Serialized files (Serialized files now loaded: 0)
System memory in use before: 96.7 MB.
System memory in use after: 96.8 MB.

Unloading 16 unused Assets to reduce memory usage. Loaded Objects now: 2608.
Total: 4.778900 ms (FindLiveObjects: 0.282400 ms CreateObjectMapping: 0.074100 ms MarkObjects: 4.394700 ms  DeleteObjects: 0.026300 ms)

AssetImportParameters requested are different than current active one (requested -> active):
  custom:framework-win-MediaFoundation: 216162199b28c13a410421893ffa2e32 -> 
  custom:video-decoder-ogg-theora: a1e56fd34408186e4bbccfd4996cb3dc -> 
  custom:container-muxer-webm: aa71ff27fc2769a1b78a27578f13a17b -> 
  custom:container-demuxer-webm: 4f35f7cbe854078d1ac9338744f61a02 -> 
  custom:container-demuxer-ogg: 62fdf1f143b41e24485cea50d1cbac27 -> 
  custom:video-encoder-webm-vp8: eb34c28f22e8b96e1ab97ce403110664 -> 
  custom:video-decoder-webm-vp8: 9c59270c3fd7afecdb556c50c9e8de78 -> 
  custom:audio-decoder-ogg-vorbis: bf7c407c2cedff20999df2af8eb42d56 -> 
  custom:audio-encoder-webm-vorbis: bf7c407c2cedff20999df2af8eb42d56 -> 
AssetImportWorkerClient::OnTransportError - code=2 error=End of file
